17-Sep-2020 10:46:32.180 警告 [main] org.apache.catalina.startup.ClassLoaderFactory.validateFile Problem with directory [C:\Users\touchmii\IdeaProjects\tomcat8\catalina-home\lib], exists: [false], isDirectory: [false], canRead: [false]
17-Sep-2020 10:46:32.183 警告 [main] org.apache.catalina.startup.ClassLoaderFactory.validateFile Problem with directory [C:\Users\touchmii\IdeaProjects\tomcat8\catalina-home\lib], exists: [false], isDirectory: [false], canRead: [false]
17-Sep-2020 10:46:32.184 警告 [main] org.apache.catalina.startup.ClassLoaderFactory.validateFile Problem with directory [C:\Users\touchmii\IdeaProjects\tomcat8\catalina-home\lib], exists: [false], isDirectory: [false], canRead: [false]
17-Sep-2020 10:46:32.184 警告 [main] org.apache.catalina.startup.ClassLoaderFactory.validateFile Problem with directory [C:\Users\touchmii\IdeaProjects\tomcat8\catalina-home\lib], exists: [false], isDirectory: [false], canRead: [false]
17-Sep-2020 10:46:32.207 严重 [main] org.apache.catalina.startup.Catalina.initDirs Cannot find specified temporary folder at catalina-home/temp
17-Sep-2020 10:46:32.618 信息 [main] org.apache.catalina.startup.VersionLoggerListener.log Server version:        Apache Tomcat/@VERSION@
17-Sep-2020 10:46:32.619 信息 [main] org.apache.catalina.startup.VersionLoggerListener.log Server built:          @VERSION_BUILT@
17-Sep-2020 10:46:32.619 信息 [main] org.apache.catalina.startup.VersionLoggerListener.log Server number:         @VERSION_NUMBER@
17-Sep-2020 10:46:32.619 信息 [main] org.apache.catalina.startup.VersionLoggerListener.log OS Name:               Windows 10
17-Sep-2020 10:46:32.619 信息 [main] org.apache.catalina.startup.VersionLoggerListener.log OS Version:            10.0
17-Sep-2020 10:46:32.619 信息 [main] org.apache.catalina.startup.VersionLoggerListener.log Architecture:          amd64
17-Sep-2020 10:46:32.619 信息 [main] org.apache.catalina.startup.VersionLoggerListener.log Java Home:             C:\Users\touchmii\.jdks\adopt-openjdk-1.8.0_265\jre
17-Sep-2020 10:46:32.619 信息 [main] org.apache.catalina.startup.VersionLoggerListener.log JVM Version:           1.8.0_265-b01
17-Sep-2020 10:46:32.619 信息 [main] org.apache.catalina.startup.VersionLoggerListener.log JVM Vendor:            AdoptOpenJDK
17-Sep-2020 10:46:32.619 信息 [main] org.apache.catalina.startup.VersionLoggerListener.log CATALINA_BASE:         C:\Users\touchmii\IdeaProjects\tomcat8\catalina-home
17-Sep-2020 10:46:32.621 信息 [main] org.apache.catalina.startup.VersionLoggerListener.log CATALINA_HOME:         C:\Users\touchmii\IdeaProjects\tomcat8\catalina-home
17-Sep-2020 10:46:32.624 信息 [main] org.apache.catalina.startup.VersionLoggerListener.log Command line argument: -agentlib:jdwp=transport=dt_socket,address=127.0.0.1:59480,suspend=y,server=n
17-Sep-2020 10:46:32.624 信息 [main] org.apache.catalina.startup.VersionLoggerListener.log Command line argument: -Dcatalina.home=catalina-home
17-Sep-2020 10:46:32.624 信息 [main] org.apache.catalina.startup.VersionLoggerListener.log Command line argument: -Dcatalina.base=catalina-home
17-Sep-2020 10:46:32.624 信息 [main] org.apache.catalina.startup.VersionLoggerListener.log Command line argument: -Djava.endorsed.dirs=catalina-home/endorsed
17-Sep-2020 10:46:32.624 信息 [main] org.apache.catalina.startup.VersionLoggerListener.log Command line argument: -Djava.io.tmpdir=catalina-home/temp
17-Sep-2020 10:46:32.624 信息 [main] org.apache.catalina.startup.VersionLoggerListener.log Command line argument: -Djava.util.logging.manager=org.apache.juli.ClassLoaderLogManager
17-Sep-2020 10:46:32.626 信息 [main] org.apache.catalina.startup.VersionLoggerListener.log Command line argument: -Djava.util.logging.config.file=catalina-home/conf/logging.properties
17-Sep-2020 10:46:32.628 信息 [main] org.apache.catalina.startup.VersionLoggerListener.log Command line argument: -javaagent:C:\Users\touchmii\AppData\Local\JetBrains\IntelliJIdea2020.2\captureAgent\debugger-agent.jar
17-Sep-2020 10:46:32.632 信息 [main] org.apache.catalina.startup.VersionLoggerListener.log Command line argument: -Dfile.encoding=UTF-8
17-Sep-2020 10:46:32.632 信息 [main] org.apache.catalina.core.AprLifecycleListener.lifecycleEvent The APR based Apache Tomcat Native library which allows optimal performance in production environments was not found on the java.library.path: C:\Users\touchmii\.jdks\adopt-openjdk-1.8.0_265\bin;C:\Windows\Sun\Java\bin;C:\Windows\system32;C:\Windows;C:\Windows\system32;C:\Windows;C:\Windows\System32\Wbem;C:\Windows\System32\WindowsPowerShell\v1.0\;C:\Windows\System32\OpenSSH\;C:\Program Files (x86)\Intel\Intel(R) Management Engine Components\DAL;C:\Program Files\Intel\Intel(R) Management Engine Components\DAL;C:\Program Files (x86)\NVIDIA Corporation\PhysX\Common;C:\Program Files (x86)\Intel\Intel(R) Memory And Storage Tool\;C:\Program Files\Microsoft SQL Server\120\Tools\Binn\;C:\Program Files (x86)\Toshiba\Bluetooth Toshiba Stack\sys\;C:\Program Files (x86)\Toshiba\Bluetooth Toshiba Stack\sys\x64\;C:\ProgramData\chocolatey\bin;C:\Program Files\Git\cmd;C:\Users\touchmii\AppData\Local\Microsoft\WindowsApps;;C:\Program Files\JetBrains\IntelliJ IDEA 2020.2.1\bin;;C:\Program Files\JetBrains\CLion 2020.2.1\bin;;C:\Program Files\CMake\bin;C:\Program Files\Inkscape\bin;.
17-Sep-2020 10:46:32.742 信息 [main] org.apache.coyote.AbstractProtocol.init Initializing ProtocolHandler ["http-nio-8080"]
17-Sep-2020 10:46:32.757 严重 [main] org.apache.coyote.AbstractProtocol.init Failed to initialize end point associated with ProtocolHandler ["http-nio-8080"]
 java.net.BindException: Address already in use: bind
	at sun.nio.ch.Net.bind0(Native Method)
	at sun.nio.ch.Net.bind(Net.java:433)
	at sun.nio.ch.Net.bind(Net.java:425)
	at sun.nio.ch.ServerSocketChannelImpl.bind(ServerSocketChannelImpl.java:220)
	at sun.nio.ch.ServerSocketAdaptor.bind(ServerSocketAdaptor.java:85)
	at org.apache.tomcat.util.net.NioEndpoint.bind(NioEndpoint.java:350)
	at org.apache.tomcat.util.net.AbstractEndpoint.init(AbstractEndpoint.java:823)
	at org.apache.coyote.AbstractProtocol.init(AbstractProtocol.java:476)
	at org.apache.coyote.http11.AbstractHttp11JsseProtocol.init(AbstractHttp11JsseProtocol.java:120)
	at org.apache.catalina.connector.Connector.initInternal(Connector.java:960)
	at org.apache.catalina.util.LifecycleBase.init(LifecycleBase.java:102)
	at org.apache.catalina.core.StandardService.initInternal(StandardService.java:568)
	at org.apache.catalina.util.LifecycleBase.init(LifecycleBase.java:102)
	at org.apache.catalina.core.StandardServer.initInternal(StandardServer.java:871)
	at org.apache.catalina.util.LifecycleBase.init(LifecycleBase.java:102)
	at org.apache.catalina.startup.Catalina.load(Catalina.java:592)
	at sun.reflect.NativeMethodAccessorImpl.invoke0(Native Method)
	at sun.reflect.NativeMethodAccessorImpl.invoke(NativeMethodAccessorImpl.java:62)
	at sun.reflect.DelegatingMethodAccessorImpl.invoke(DelegatingMethodAccessorImpl.java:43)
	at java.lang.reflect.Method.invoke(Method.java:498)
	at org.apache.catalina.startup.Bootstrap.load(Bootstrap.java:308)
	at org.apache.catalina.startup.Bootstrap.main(Bootstrap.java:482)

17-Sep-2020 10:46:32.758 严重 [main] org.apache.catalina.core.StandardService.initInternal Failed to initialize connector [Connector[HTTP/1.1-8080]]
 org.apache.catalina.LifecycleException: Failed to initialize component [Connector[HTTP/1.1-8080]]
	at org.apache.catalina.util.LifecycleBase.init(LifecycleBase.java:108)
	at org.apache.catalina.core.StandardService.initInternal(StandardService.java:568)
	at org.apache.catalina.util.LifecycleBase.init(LifecycleBase.java:102)
	at org.apache.catalina.core.StandardServer.initInternal(StandardServer.java:871)
	at org.apache.catalina.util.LifecycleBase.init(LifecycleBase.java:102)
	at org.apache.catalina.startup.Catalina.load(Catalina.java:592)
	at sun.reflect.NativeMethodAccessorImpl.invoke0(Native Method)
	at sun.reflect.NativeMethodAccessorImpl.invoke(NativeMethodAccessorImpl.java:62)
	at sun.reflect.DelegatingMethodAccessorImpl.invoke(DelegatingMethodAccessorImpl.java:43)
	at java.lang.reflect.Method.invoke(Method.java:498)
	at org.apache.catalina.startup.Bootstrap.load(Bootstrap.java:308)
	at org.apache.catalina.startup.Bootstrap.main(Bootstrap.java:482)
Caused by: org.apache.catalina.LifecycleException: Protocol handler initialization failed
	at org.apache.catalina.connector.Connector.initInternal(Connector.java:964)
	at org.apache.catalina.util.LifecycleBase.init(LifecycleBase.java:102)
	... 11 more
Caused by: java.net.BindException: Address already in use: bind
	at sun.nio.ch.Net.bind0(Native Method)
	at sun.nio.ch.Net.bind(Net.java:433)
	at sun.nio.ch.Net.bind(Net.java:425)
	at sun.nio.ch.ServerSocketChannelImpl.bind(ServerSocketChannelImpl.java:220)
	at sun.nio.ch.ServerSocketAdaptor.bind(ServerSocketAdaptor.java:85)
	at org.apache.tomcat.util.net.NioEndpoint.bind(NioEndpoint.java:350)
	at org.apache.tomcat.util.net.AbstractEndpoint.init(AbstractEndpoint.java:823)
	at org.apache.coyote.AbstractProtocol.init(AbstractProtocol.java:476)
	at org.apache.coyote.http11.AbstractHttp11JsseProtocol.init(AbstractHttp11JsseProtocol.java:120)
	at org.apache.catalina.connector.Connector.initInternal(Connector.java:960)
	... 12 more

17-Sep-2020 10:46:32.759 信息 [main] org.apache.coyote.AbstractProtocol.init Initializing ProtocolHandler ["ajp-nio-8009"]
17-Sep-2020 10:46:33.398 信息 [main] org.apache.tomcat.util.net.NioSelectorPool.getSharedSelector Using a shared selector for servlet write/read
17-Sep-2020 10:46:33.401 信息 [main] org.apache.catalina.startup.Catalina.load Initialization processed in 1194 ms
17-Sep-2020 10:46:33.430 信息 [main] org.apache.catalina.core.StandardService.startInternal Starting service Catalina
17-Sep-2020 10:46:33.430 信息 [main] org.apache.catalina.core.StandardEngine.startInternal Starting Servlet Engine: Apache Tomcat/@VERSION@
17-Sep-2020 10:46:33.499 信息 [main] org.apache.coyote.AbstractProtocol.start Starting ProtocolHandler ["ajp-nio-8009"]
17-Sep-2020 10:46:33.513 信息 [main] org.apache.catalina.startup.Catalina.start Server startup in 111 ms
17-Sep-2020 10:47:11.284 信息 [Thread-4] org.apache.coyote.AbstractProtocol.pause Pausing ProtocolHandler ["http-nio-8080"]
17-Sep-2020 10:47:11.285 信息 [Thread-4] org.apache.coyote.AbstractProtocol.pause Pausing ProtocolHandler ["ajp-nio-8009"]
17-Sep-2020 10:47:11.339 信息 [Thread-4] org.apache.catalina.core.StandardService.stopInternal Stopping service Catalina
17-Sep-2020 10:47:11.341 信息 [Thread-4] org.apache.coyote.AbstractProtocol.stop Stopping ProtocolHandler ["ajp-nio-8009"]
17-Sep-2020 10:47:11.342 信息 [Thread-4] org.apache.coyote.AbstractProtocol.stop Stopping ProtocolHandler ["http-nio-8080"]
17-Sep-2020 10:47:11.342 信息 [Thread-4] org.apache.coyote.AbstractProtocol.destroy Destroying ProtocolHandler ["http-nio-8080"]
17-Sep-2020 10:47:11.342 信息 [Thread-4] org.apache.coyote.AbstractProtocol.destroy Destroying ProtocolHandler ["ajp-nio-8009"]
17-Sep-2020 10:47:12.838 警告 [main] org.apache.catalina.startup.ClassLoaderFactory.validateFile Problem with directory [C:\Users\touchmii\IdeaProjects\tomcat8\catalina-home\lib], exists: [false], isDirectory: [false], canRead: [false]
17-Sep-2020 10:47:12.842 警告 [main] org.apache.catalina.startup.ClassLoaderFactory.validateFile Problem with directory [C:\Users\touchmii\IdeaProjects\tomcat8\catalina-home\lib], exists: [false], isDirectory: [false], canRead: [false]
17-Sep-2020 10:47:12.842 警告 [main] org.apache.catalina.startup.ClassLoaderFactory.validateFile Problem with directory [C:\Users\touchmii\IdeaProjects\tomcat8\catalina-home\lib], exists: [false], isDirectory: [false], canRead: [false]
17-Sep-2020 10:47:12.843 警告 [main] org.apache.catalina.startup.ClassLoaderFactory.validateFile Problem with directory [C:\Users\touchmii\IdeaProjects\tomcat8\catalina-home\lib], exists: [false], isDirectory: [false], canRead: [false]
17-Sep-2020 10:47:12.863 严重 [main] org.apache.catalina.startup.Catalina.initDirs Cannot find specified temporary folder at catalina-home/temp
17-Sep-2020 10:47:13.208 信息 [main] org.apache.catalina.startup.VersionLoggerListener.log Server version:        Apache Tomcat/@VERSION@
17-Sep-2020 10:47:13.208 信息 [main] org.apache.catalina.startup.VersionLoggerListener.log Server built:          @VERSION_BUILT@
17-Sep-2020 10:47:13.208 信息 [main] org.apache.catalina.startup.VersionLoggerListener.log Server number:         @VERSION_NUMBER@
17-Sep-2020 10:47:13.208 信息 [main] org.apache.catalina.startup.VersionLoggerListener.log OS Name:               Windows 10
17-Sep-2020 10:47:13.208 信息 [main] org.apache.catalina.startup.VersionLoggerListener.log OS Version:            10.0
17-Sep-2020 10:47:13.208 信息 [main] org.apache.catalina.startup.VersionLoggerListener.log Architecture:          amd64
17-Sep-2020 10:47:13.209 信息 [main] org.apache.catalina.startup.VersionLoggerListener.log Java Home:             C:\Users\touchmii\.jdks\adopt-openjdk-1.8.0_265\jre
17-Sep-2020 10:47:13.209 信息 [main] org.apache.catalina.startup.VersionLoggerListener.log JVM Version:           1.8.0_265-b01
17-Sep-2020 10:47:13.209 信息 [main] org.apache.catalina.startup.VersionLoggerListener.log JVM Vendor:            AdoptOpenJDK
17-Sep-2020 10:47:13.209 信息 [main] org.apache.catalina.startup.VersionLoggerListener.log CATALINA_BASE:         C:\Users\touchmii\IdeaProjects\tomcat8\catalina-home
17-Sep-2020 10:47:13.209 信息 [main] org.apache.catalina.startup.VersionLoggerListener.log CATALINA_HOME:         C:\Users\touchmii\IdeaProjects\tomcat8\catalina-home
17-Sep-2020 10:47:13.209 信息 [main] org.apache.catalina.startup.VersionLoggerListener.log Command line argument: -agentlib:jdwp=transport=dt_socket,address=127.0.0.1:59585,suspend=y,server=n
17-Sep-2020 10:47:13.209 信息 [main] org.apache.catalina.startup.VersionLoggerListener.log Command line argument: -Dcatalina.home=catalina-home
17-Sep-2020 10:47:13.210 信息 [main] org.apache.catalina.startup.VersionLoggerListener.log Command line argument: -Dcatalina.base=catalina-home
17-Sep-2020 10:47:13.210 信息 [main] org.apache.catalina.startup.VersionLoggerListener.log Command line argument: -Djava.endorsed.dirs=catalina-home/endorsed
17-Sep-2020 10:47:13.210 信息 [main] org.apache.catalina.startup.VersionLoggerListener.log Command line argument: -Djava.io.tmpdir=catalina-home/temp
17-Sep-2020 10:47:13.210 信息 [main] org.apache.catalina.startup.VersionLoggerListener.log Command line argument: -Djava.util.logging.manager=org.apache.juli.ClassLoaderLogManager
17-Sep-2020 10:47:13.210 信息 [main] org.apache.catalina.startup.VersionLoggerListener.log Command line argument: -Djava.util.logging.config.file=catalina-home/conf/logging.properties
17-Sep-2020 10:47:13.210 信息 [main] org.apache.catalina.startup.VersionLoggerListener.log Command line argument: -javaagent:C:\Users\touchmii\AppData\Local\JetBrains\IntelliJIdea2020.2\captureAgent\debugger-agent.jar
17-Sep-2020 10:47:13.211 信息 [main] org.apache.catalina.startup.VersionLoggerListener.log Command line argument: -Dfile.encoding=UTF-8
17-Sep-2020 10:47:13.211 信息 [main] org.apache.catalina.core.AprLifecycleListener.lifecycleEvent The APR based Apache Tomcat Native library which allows optimal performance in production environments was not found on the java.library.path: C:\Users\touchmii\.jdks\adopt-openjdk-1.8.0_265\bin;C:\Windows\Sun\Java\bin;C:\Windows\system32;C:\Windows;C:\Windows\system32;C:\Windows;C:\Windows\System32\Wbem;C:\Windows\System32\WindowsPowerShell\v1.0\;C:\Windows\System32\OpenSSH\;C:\Program Files (x86)\Intel\Intel(R) Management Engine Components\DAL;C:\Program Files\Intel\Intel(R) Management Engine Components\DAL;C:\Program Files (x86)\NVIDIA Corporation\PhysX\Common;C:\Program Files (x86)\Intel\Intel(R) Memory And Storage Tool\;C:\Program Files\Microsoft SQL Server\120\Tools\Binn\;C:\Program Files (x86)\Toshiba\Bluetooth Toshiba Stack\sys\;C:\Program Files (x86)\Toshiba\Bluetooth Toshiba Stack\sys\x64\;C:\ProgramData\chocolatey\bin;C:\Program Files\Git\cmd;C:\Users\touchmii\AppData\Local\Microsoft\WindowsApps;;C:\Program Files\JetBrains\IntelliJ IDEA 2020.2.1\bin;;C:\Program Files\JetBrains\CLion 2020.2.1\bin;;C:\Program Files\CMake\bin;C:\Program Files\Inkscape\bin;.
17-Sep-2020 10:47:13.289 信息 [main] org.apache.coyote.AbstractProtocol.init Initializing ProtocolHandler ["http-nio-8080"]
17-Sep-2020 10:47:13.303 严重 [main] org.apache.coyote.AbstractProtocol.init Failed to initialize end point associated with ProtocolHandler ["http-nio-8080"]
 java.net.BindException: Address already in use: bind
	at sun.nio.ch.Net.bind0(Native Method)
	at sun.nio.ch.Net.bind(Net.java:433)
	at sun.nio.ch.Net.bind(Net.java:425)
	at sun.nio.ch.ServerSocketChannelImpl.bind(ServerSocketChannelImpl.java:220)
	at sun.nio.ch.ServerSocketAdaptor.bind(ServerSocketAdaptor.java:85)
	at org.apache.tomcat.util.net.NioEndpoint.bind(NioEndpoint.java:350)
	at org.apache.tomcat.util.net.AbstractEndpoint.init(AbstractEndpoint.java:823)
	at org.apache.coyote.AbstractProtocol.init(AbstractProtocol.java:476)
	at org.apache.coyote.http11.AbstractHttp11JsseProtocol.init(AbstractHttp11JsseProtocol.java:120)
	at org.apache.catalina.connector.Connector.initInternal(Connector.java:960)
	at org.apache.catalina.util.LifecycleBase.init(LifecycleBase.java:102)
	at org.apache.catalina.core.StandardService.initInternal(StandardService.java:568)
	at org.apache.catalina.util.LifecycleBase.init(LifecycleBase.java:102)
	at org.apache.catalina.core.StandardServer.initInternal(StandardServer.java:871)
	at org.apache.catalina.util.LifecycleBase.init(LifecycleBase.java:102)
	at org.apache.catalina.startup.Catalina.load(Catalina.java:592)
	at sun.reflect.NativeMethodAccessorImpl.invoke0(Native Method)
	at sun.reflect.NativeMethodAccessorImpl.invoke(NativeMethodAccessorImpl.java:62)
	at sun.reflect.DelegatingMethodAccessorImpl.invoke(DelegatingMethodAccessorImpl.java:43)
	at java.lang.reflect.Method.invoke(Method.java:498)
	at org.apache.catalina.startup.Bootstrap.load(Bootstrap.java:308)
	at org.apache.catalina.startup.Bootstrap.main(Bootstrap.java:482)

17-Sep-2020 10:47:13.305 严重 [main] org.apache.catalina.core.StandardService.initInternal Failed to initialize connector [Connector[HTTP/1.1-8080]]
 org.apache.catalina.LifecycleException: Failed to initialize component [Connector[HTTP/1.1-8080]]
	at org.apache.catalina.util.LifecycleBase.init(LifecycleBase.java:108)
	at org.apache.catalina.core.StandardService.initInternal(StandardService.java:568)
	at org.apache.catalina.util.LifecycleBase.init(LifecycleBase.java:102)
	at org.apache.catalina.core.StandardServer.initInternal(StandardServer.java:871)
	at org.apache.catalina.util.LifecycleBase.init(LifecycleBase.java:102)
	at org.apache.catalina.startup.Catalina.load(Catalina.java:592)
	at sun.reflect.NativeMethodAccessorImpl.invoke0(Native Method)
	at sun.reflect.NativeMethodAccessorImpl.invoke(NativeMethodAccessorImpl.java:62)
	at sun.reflect.DelegatingMethodAccessorImpl.invoke(DelegatingMethodAccessorImpl.java:43)
	at java.lang.reflect.Method.invoke(Method.java:498)
	at org.apache.catalina.startup.Bootstrap.load(Bootstrap.java:308)
	at org.apache.catalina.startup.Bootstrap.main(Bootstrap.java:482)
Caused by: org.apache.catalina.LifecycleException: Protocol handler initialization failed
	at org.apache.catalina.connector.Connector.initInternal(Connector.java:964)
	at org.apache.catalina.util.LifecycleBase.init(LifecycleBase.java:102)
	... 11 more
Caused by: java.net.BindException: Address already in use: bind
	at sun.nio.ch.Net.bind0(Native Method)
	at sun.nio.ch.Net.bind(Net.java:433)
	at sun.nio.ch.Net.bind(Net.java:425)
	at sun.nio.ch.ServerSocketChannelImpl.bind(ServerSocketChannelImpl.java:220)
	at sun.nio.ch.ServerSocketAdaptor.bind(ServerSocketAdaptor.java:85)
	at org.apache.tomcat.util.net.NioEndpoint.bind(NioEndpoint.java:350)
	at org.apache.tomcat.util.net.AbstractEndpoint.init(AbstractEndpoint.java:823)
	at org.apache.coyote.AbstractProtocol.init(AbstractProtocol.java:476)
	at org.apache.coyote.http11.AbstractHttp11JsseProtocol.init(AbstractHttp11JsseProtocol.java:120)
	at org.apache.catalina.connector.Connector.initInternal(Connector.java:960)
	... 12 more

17-Sep-2020 10:47:13.305 信息 [main] org.apache.coyote.AbstractProtocol.init Initializing ProtocolHandler ["ajp-nio-8009"]
17-Sep-2020 10:47:13.726 信息 [main] org.apache.tomcat.util.net.NioSelectorPool.getSharedSelector Using a shared selector for servlet write/read
17-Sep-2020 10:47:13.728 信息 [main] org.apache.catalina.startup.Catalina.load Initialization processed in 865 ms
17-Sep-2020 10:47:13.752 信息 [main] org.apache.catalina.core.StandardService.startInternal Starting service Catalina
17-Sep-2020 10:47:13.752 信息 [main] org.apache.catalina.core.StandardEngine.startInternal Starting Servlet Engine: Apache Tomcat/@VERSION@
17-Sep-2020 10:47:13.783 信息 [main] org.apache.coyote.AbstractProtocol.start Starting ProtocolHandler ["ajp-nio-8009"]
17-Sep-2020 10:47:13.793 信息 [main] org.apache.catalina.startup.Catalina.start Server startup in 65 ms
17-Sep-2020 11:06:58.009 信息 [Thread-4] org.apache.coyote.AbstractProtocol.pause Pausing ProtocolHandler ["http-nio-8080"]
17-Sep-2020 11:06:58.009 信息 [Thread-4] org.apache.coyote.AbstractProtocol.pause Pausing ProtocolHandler ["ajp-nio-8009"]
17-Sep-2020 11:06:58.062 信息 [Thread-4] org.apache.catalina.core.StandardService.stopInternal Stopping service Catalina
17-Sep-2020 11:06:58.065 信息 [Thread-4] org.apache.coyote.AbstractProtocol.stop Stopping ProtocolHandler ["ajp-nio-8009"]
17-Sep-2020 11:06:58.067 信息 [Thread-4] org.apache.coyote.AbstractProtocol.stop Stopping ProtocolHandler ["http-nio-8080"]
17-Sep-2020 11:06:58.067 信息 [Thread-4] org.apache.coyote.AbstractProtocol.destroy Destroying ProtocolHandler ["http-nio-8080"]
17-Sep-2020 11:06:58.067 信息 [Thread-4] org.apache.coyote.AbstractProtocol.destroy Destroying ProtocolHandler ["ajp-nio-8009"]
17-Sep-2020 11:06:59.611 警告 [main] org.apache.catalina.startup.ClassLoaderFactory.validateFile Problem with directory [C:\Users\touchmii\IdeaProjects\tomcat8\catalina-home\lib], exists: [false], isDirectory: [false], canRead: [false]
17-Sep-2020 11:06:59.614 警告 [main] org.apache.catalina.startup.ClassLoaderFactory.validateFile Problem with directory [C:\Users\touchmii\IdeaProjects\tomcat8\catalina-home\lib], exists: [false], isDirectory: [false], canRead: [false]
17-Sep-2020 11:06:59.614 警告 [main] org.apache.catalina.startup.ClassLoaderFactory.validateFile Problem with directory [C:\Users\touchmii\IdeaProjects\tomcat8\catalina-home\lib], exists: [false], isDirectory: [false], canRead: [false]
17-Sep-2020 11:06:59.614 警告 [main] org.apache.catalina.startup.ClassLoaderFactory.validateFile Problem with directory [C:\Users\touchmii\IdeaProjects\tomcat8\catalina-home\lib], exists: [false], isDirectory: [false], canRead: [false]
17-Sep-2020 11:06:59.628 严重 [main] org.apache.catalina.startup.Catalina.initDirs Cannot find specified temporary folder at catalina-home/temp
17-Sep-2020 11:06:59.983 信息 [main] org.apache.catalina.startup.VersionLoggerListener.log Server version:        Apache Tomcat/@VERSION@
17-Sep-2020 11:06:59.983 信息 [main] org.apache.catalina.startup.VersionLoggerListener.log Server built:          @VERSION_BUILT@
17-Sep-2020 11:06:59.983 信息 [main] org.apache.catalina.startup.VersionLoggerListener.log Server number:         @VERSION_NUMBER@
17-Sep-2020 11:06:59.983 信息 [main] org.apache.catalina.startup.VersionLoggerListener.log OS Name:               Windows 10
17-Sep-2020 11:06:59.983 信息 [main] org.apache.catalina.startup.VersionLoggerListener.log OS Version:            10.0
17-Sep-2020 11:06:59.983 信息 [main] org.apache.catalina.startup.VersionLoggerListener.log Architecture:          amd64
17-Sep-2020 11:06:59.983 信息 [main] org.apache.catalina.startup.VersionLoggerListener.log Java Home:             C:\Users\touchmii\.jdks\adopt-openjdk-1.8.0_265\jre
17-Sep-2020 11:06:59.983 信息 [main] org.apache.catalina.startup.VersionLoggerListener.log JVM Version:           1.8.0_265-b01
17-Sep-2020 11:06:59.984 信息 [main] org.apache.catalina.startup.VersionLoggerListener.log JVM Vendor:            AdoptOpenJDK
17-Sep-2020 11:06:59.984 信息 [main] org.apache.catalina.startup.VersionLoggerListener.log CATALINA_BASE:         C:\Users\touchmii\IdeaProjects\tomcat8\catalina-home
17-Sep-2020 11:06:59.984 信息 [main] org.apache.catalina.startup.VersionLoggerListener.log CATALINA_HOME:         C:\Users\touchmii\IdeaProjects\tomcat8\catalina-home
17-Sep-2020 11:06:59.984 信息 [main] org.apache.catalina.startup.VersionLoggerListener.log Command line argument: -agentlib:jdwp=transport=dt_socket,address=127.0.0.1:62391,suspend=y,server=n
17-Sep-2020 11:06:59.984 信息 [main] org.apache.catalina.startup.VersionLoggerListener.log Command line argument: -Dcatalina.home=catalina-home
17-Sep-2020 11:06:59.984 信息 [main] org.apache.catalina.startup.VersionLoggerListener.log Command line argument: -Dcatalina.base=catalina-home
17-Sep-2020 11:06:59.984 信息 [main] org.apache.catalina.startup.VersionLoggerListener.log Command line argument: -Djava.endorsed.dirs=catalina-home/endorsed
17-Sep-2020 11:06:59.984 信息 [main] org.apache.catalina.startup.VersionLoggerListener.log Command line argument: -Djava.io.tmpdir=catalina-home/temp
17-Sep-2020 11:06:59.984 信息 [main] org.apache.catalina.startup.VersionLoggerListener.log Command line argument: -Djava.util.logging.manager=org.apache.juli.ClassLoaderLogManager
17-Sep-2020 11:06:59.984 信息 [main] org.apache.catalina.startup.VersionLoggerListener.log Command line argument: -Djava.util.logging.config.file=catalina-home/conf/logging.properties
17-Sep-2020 11:06:59.984 信息 [main] org.apache.catalina.startup.VersionLoggerListener.log Command line argument: -javaagent:C:\Users\touchmii\AppData\Local\JetBrains\IntelliJIdea2020.2\captureAgent\debugger-agent.jar
17-Sep-2020 11:06:59.984 信息 [main] org.apache.catalina.startup.VersionLoggerListener.log Command line argument: -Dfile.encoding=UTF-8
17-Sep-2020 11:06:59.984 信息 [main] org.apache.catalina.core.AprLifecycleListener.lifecycleEvent The APR based Apache Tomcat Native library which allows optimal performance in production environments was not found on the java.library.path: C:\Users\touchmii\.jdks\adopt-openjdk-1.8.0_265\bin;C:\Windows\Sun\Java\bin;C:\Windows\system32;C:\Windows;C:\Windows\system32;C:\Windows;C:\Windows\System32\Wbem;C:\Windows\System32\WindowsPowerShell\v1.0\;C:\Windows\System32\OpenSSH\;C:\Program Files (x86)\Intel\Intel(R) Management Engine Components\DAL;C:\Program Files\Intel\Intel(R) Management Engine Components\DAL;C:\Program Files (x86)\NVIDIA Corporation\PhysX\Common;C:\Program Files (x86)\Intel\Intel(R) Memory And Storage Tool\;C:\Program Files\Microsoft SQL Server\120\Tools\Binn\;C:\Program Files (x86)\Toshiba\Bluetooth Toshiba Stack\sys\;C:\Program Files (x86)\Toshiba\Bluetooth Toshiba Stack\sys\x64\;C:\ProgramData\chocolatey\bin;C:\Program Files\Git\cmd;C:\Users\touchmii\AppData\Local\Microsoft\WindowsApps;;C:\Program Files\JetBrains\IntelliJ IDEA 2020.2.1\bin;;C:\Program Files\JetBrains\CLion 2020.2.1\bin;;C:\Program Files\CMake\bin;C:\Program Files\Inkscape\bin;.
17-Sep-2020 11:07:00.091 信息 [main] org.apache.coyote.AbstractProtocol.init Initializing ProtocolHandler ["http-nio-8090"]
17-Sep-2020 11:07:00.620 信息 [main] org.apache.tomcat.util.net.NioSelectorPool.getSharedSelector Using a shared selector for servlet write/read
17-Sep-2020 11:07:00.622 信息 [main] org.apache.coyote.AbstractProtocol.init Initializing ProtocolHandler ["ajp-nio-8009"]
17-Sep-2020 11:07:00.624 信息 [main] org.apache.tomcat.util.net.NioSelectorPool.getSharedSelector Using a shared selector for servlet write/read
17-Sep-2020 11:07:00.625 信息 [main] org.apache.catalina.startup.Catalina.load Initialization processed in 996 ms
17-Sep-2020 11:07:00.652 信息 [main] org.apache.catalina.core.StandardService.startInternal Starting service Catalina
17-Sep-2020 11:07:00.653 信息 [main] org.apache.catalina.core.StandardEngine.startInternal Starting Servlet Engine: Apache Tomcat/@VERSION@
17-Sep-2020 11:07:00.693 信息 [main] org.apache.coyote.AbstractProtocol.start Starting ProtocolHandler ["http-nio-8090"]
17-Sep-2020 11:07:00.703 信息 [main] org.apache.coyote.AbstractProtocol.start Starting ProtocolHandler ["ajp-nio-8009"]
17-Sep-2020 11:07:00.705 信息 [main] org.apache.catalina.startup.Catalina.start Server startup in 81 ms
17-Sep-2020 11:08:07.519 信息 [Thread-5] org.apache.coyote.AbstractProtocol.pause Pausing ProtocolHandler ["http-nio-8090"]
17-Sep-2020 11:08:07.573 信息 [Thread-5] org.apache.coyote.AbstractProtocol.pause Pausing ProtocolHandler ["ajp-nio-8009"]
17-Sep-2020 11:08:07.624 信息 [Thread-5] org.apache.catalina.core.StandardService.stopInternal Stopping service Catalina
17-Sep-2020 11:08:07.626 信息 [Thread-5] org.apache.coyote.AbstractProtocol.stop Stopping ProtocolHandler ["http-nio-8090"]
17-Sep-2020 11:08:07.627 信息 [Thread-5] org.apache.coyote.AbstractProtocol.stop Stopping ProtocolHandler ["ajp-nio-8009"]
17-Sep-2020 11:08:07.633 信息 [Thread-5] org.apache.coyote.AbstractProtocol.destroy Destroying ProtocolHandler ["http-nio-8090"]
17-Sep-2020 11:08:07.634 信息 [Thread-5] org.apache.coyote.AbstractProtocol.destroy Destroying ProtocolHandler ["ajp-nio-8009"]
17-Sep-2020 11:08:09.985 警告 [main] org.apache.catalina.startup.ClassLoaderFactory.validateFile Problem with directory [C:\Users\touchmii\IdeaProjects\tomcat8\catalina-home\lib], exists: [false], isDirectory: [false], canRead: [false]
17-Sep-2020 11:08:09.988 警告 [main] org.apache.catalina.startup.ClassLoaderFactory.validateFile Problem with directory [C:\Users\touchmii\IdeaProjects\tomcat8\catalina-home\lib], exists: [false], isDirectory: [false], canRead: [false]
17-Sep-2020 11:08:09.988 警告 [main] org.apache.catalina.startup.ClassLoaderFactory.validateFile Problem with directory [C:\Users\touchmii\IdeaProjects\tomcat8\catalina-home\lib], exists: [false], isDirectory: [false], canRead: [false]
17-Sep-2020 11:08:09.988 警告 [main] org.apache.catalina.startup.ClassLoaderFactory.validateFile Problem with directory [C:\Users\touchmii\IdeaProjects\tomcat8\catalina-home\lib], exists: [false], isDirectory: [false], canRead: [false]
17-Sep-2020 11:08:10.003 严重 [main] org.apache.catalina.startup.Catalina.initDirs Cannot find specified temporary folder at catalina-home/temp
17-Sep-2020 11:08:10.272 信息 [main] org.apache.catalina.startup.VersionLoggerListener.log Server version:        Apache Tomcat/@VERSION@
17-Sep-2020 11:08:10.272 信息 [main] org.apache.catalina.startup.VersionLoggerListener.log Server built:          @VERSION_BUILT@
17-Sep-2020 11:08:10.272 信息 [main] org.apache.catalina.startup.VersionLoggerListener.log Server number:         @VERSION_NUMBER@
17-Sep-2020 11:08:10.273 信息 [main] org.apache.catalina.startup.VersionLoggerListener.log OS Name:               Windows 10
17-Sep-2020 11:08:10.273 信息 [main] org.apache.catalina.startup.VersionLoggerListener.log OS Version:            10.0
17-Sep-2020 11:08:10.273 信息 [main] org.apache.catalina.startup.VersionLoggerListener.log Architecture:          amd64
17-Sep-2020 11:08:10.273 信息 [main] org.apache.catalina.startup.VersionLoggerListener.log Java Home:             C:\Users\touchmii\.jdks\adopt-openjdk-1.8.0_265\jre
17-Sep-2020 11:08:10.273 信息 [main] org.apache.catalina.startup.VersionLoggerListener.log JVM Version:           1.8.0_265-b01
17-Sep-2020 11:08:10.273 信息 [main] org.apache.catalina.startup.VersionLoggerListener.log JVM Vendor:            AdoptOpenJDK
17-Sep-2020 11:08:10.273 信息 [main] org.apache.catalina.startup.VersionLoggerListener.log CATALINA_BASE:         C:\Users\touchmii\IdeaProjects\tomcat8\catalina-home
17-Sep-2020 11:08:10.273 信息 [main] org.apache.catalina.startup.VersionLoggerListener.log CATALINA_HOME:         C:\Users\touchmii\IdeaProjects\tomcat8\catalina-home
17-Sep-2020 11:08:10.273 信息 [main] org.apache.catalina.startup.VersionLoggerListener.log Command line argument: -Dcatalina.home=catalina-home
17-Sep-2020 11:08:10.273 信息 [main] org.apache.catalina.startup.VersionLoggerListener.log Command line argument: -Dcatalina.base=catalina-home
17-Sep-2020 11:08:10.273 信息 [main] org.apache.catalina.startup.VersionLoggerListener.log Command line argument: -Djava.endorsed.dirs=catalina-home/endorsed
17-Sep-2020 11:08:10.273 信息 [main] org.apache.catalina.startup.VersionLoggerListener.log Command line argument: -Djava.io.tmpdir=catalina-home/temp
17-Sep-2020 11:08:10.273 信息 [main] org.apache.catalina.startup.VersionLoggerListener.log Command line argument: -Djava.util.logging.manager=org.apache.juli.ClassLoaderLogManager
17-Sep-2020 11:08:10.273 信息 [main] org.apache.catalina.startup.VersionLoggerListener.log Command line argument: -Djava.util.logging.config.file=catalina-home/conf/logging.properties
17-Sep-2020 11:08:10.274 信息 [main] org.apache.catalina.startup.VersionLoggerListener.log Command line argument: -javaagent:C:\Program Files\JetBrains\IntelliJ IDEA 2020.2.1\lib\idea_rt.jar=62577:C:\Program Files\JetBrains\IntelliJ IDEA 2020.2.1\bin
17-Sep-2020 11:08:10.274 信息 [main] org.apache.catalina.startup.VersionLoggerListener.log Command line argument: -Dfile.encoding=UTF-8
17-Sep-2020 11:08:10.274 信息 [main] org.apache.catalina.core.AprLifecycleListener.lifecycleEvent The APR based Apache Tomcat Native library which allows optimal performance in production environments was not found on the java.library.path: C:\Users\touchmii\.jdks\adopt-openjdk-1.8.0_265\bin;C:\Windows\Sun\Java\bin;C:\Windows\system32;C:\Windows;C:\Windows\system32;C:\Windows;C:\Windows\System32\Wbem;C:\Windows\System32\WindowsPowerShell\v1.0\;C:\Windows\System32\OpenSSH\;C:\Program Files (x86)\Intel\Intel(R) Management Engine Components\DAL;C:\Program Files\Intel\Intel(R) Management Engine Components\DAL;C:\Program Files (x86)\NVIDIA Corporation\PhysX\Common;C:\Program Files (x86)\Intel\Intel(R) Memory And Storage Tool\;C:\Program Files\Microsoft SQL Server\120\Tools\Binn\;C:\Program Files (x86)\Toshiba\Bluetooth Toshiba Stack\sys\;C:\Program Files (x86)\Toshiba\Bluetooth Toshiba Stack\sys\x64\;C:\ProgramData\chocolatey\bin;C:\Program Files\Git\cmd;C:\Users\touchmii\AppData\Local\Microsoft\WindowsApps;;C:\Program Files\JetBrains\IntelliJ IDEA 2020.2.1\bin;;C:\Program Files\JetBrains\CLion 2020.2.1\bin;;C:\Program Files\CMake\bin;C:\Program Files\Inkscape\bin;.
17-Sep-2020 11:08:10.328 信息 [main] org.apache.coyote.AbstractProtocol.init Initializing ProtocolHandler ["http-nio-8090"]
17-Sep-2020 11:08:10.689 信息 [main] org.apache.tomcat.util.net.NioSelectorPool.getSharedSelector Using a shared selector for servlet write/read
17-Sep-2020 11:08:10.691 信息 [main] org.apache.coyote.AbstractProtocol.init Initializing ProtocolHandler ["ajp-nio-8009"]
17-Sep-2020 11:08:10.693 信息 [main] org.apache.tomcat.util.net.NioSelectorPool.getSharedSelector Using a shared selector for servlet write/read
17-Sep-2020 11:08:10.693 信息 [main] org.apache.catalina.startup.Catalina.load Initialization processed in 690 ms
17-Sep-2020 11:08:10.710 信息 [main] org.apache.catalina.core.StandardService.startInternal Starting service Catalina
17-Sep-2020 11:08:10.710 信息 [main] org.apache.catalina.core.StandardEngine.startInternal Starting Servlet Engine: Apache Tomcat/@VERSION@
17-Sep-2020 11:08:10.718 信息 [main] org.apache.coyote.AbstractProtocol.start Starting ProtocolHandler ["http-nio-8090"]
17-Sep-2020 11:08:10.725 信息 [main] org.apache.coyote.AbstractProtocol.start Starting ProtocolHandler ["ajp-nio-8009"]
17-Sep-2020 11:08:10.727 信息 [main] org.apache.catalina.startup.Catalina.start Server startup in 34 ms
17-Sep-2020 11:10:10.762 信息 [localhost-startStop-1] org.apache.catalina.startup.HostConfig.deployDirectory Deploying web application directory C:\Users\touchmii\IdeaProjects\tomcat8\catalina-home\webapps\docs
17-Sep-2020 11:10:11.264 信息 [localhost-startStop-1] org.apache.catalina.startup.HostConfig.deployDirectory Deployment of web application directory C:\Users\touchmii\IdeaProjects\tomcat8\catalina-home\webapps\docs has finished in 503 ms
17-Sep-2020 11:10:11.265 信息 [localhost-startStop-1] org.apache.catalina.startup.HostConfig.deployDirectory Deploying web application directory C:\Users\touchmii\IdeaProjects\tomcat8\catalina-home\webapps\examples
17-Sep-2020 11:10:11.435 严重 [localhost-startStop-1] org.apache.catalina.core.StandardContext.startInternal One or more listeners failed to start. Full details will be found in the appropriate container log file
17-Sep-2020 11:10:11.435 严重 [localhost-startStop-1] org.apache.catalina.core.StandardContext.startInternal Context [/examples] startup failed due to previous errors
17-Sep-2020 11:10:11.456 信息 [localhost-startStop-1] org.apache.catalina.startup.HostConfig.deployDirectory Deployment of web application directory C:\Users\touchmii\IdeaProjects\tomcat8\catalina-home\webapps\examples has finished in 189 ms
17-Sep-2020 11:10:11.457 信息 [localhost-startStop-1] org.apache.catalina.startup.HostConfig.deployDirectory Deploying web application directory C:\Users\touchmii\IdeaProjects\tomcat8\catalina-home\webapps\host-manager
17-Sep-2020 11:10:11.647 信息 [localhost-startStop-1] org.apache.catalina.startup.HostConfig.deployDirectory Deployment of web application directory C:\Users\touchmii\IdeaProjects\tomcat8\catalina-home\webapps\host-manager has finished in 190 ms
17-Sep-2020 11:10:11.647 信息 [localhost-startStop-1] org.apache.catalina.startup.HostConfig.deployDirectory Deploying web application directory C:\Users\touchmii\IdeaProjects\tomcat8\catalina-home\webapps\manager
17-Sep-2020 11:10:11.718 信息 [localhost-startStop-1] org.apache.catalina.startup.HostConfig.deployDirectory Deployment of web application directory C:\Users\touchmii\IdeaProjects\tomcat8\catalina-home\webapps\manager has finished in 71 ms
17-Sep-2020 11:10:11.718 信息 [localhost-startStop-1] org.apache.catalina.startup.HostConfig.deployDirectory Deploying web application directory C:\Users\touchmii\IdeaProjects\tomcat8\catalina-home\webapps\ROOT
17-Sep-2020 11:10:11.768 信息 [localhost-startStop-1] org.apache.catalina.startup.HostConfig.deployDirectory Deployment of web application directory C:\Users\touchmii\IdeaProjects\tomcat8\catalina-home\webapps\ROOT has finished in 50 ms
17-Sep-2020 11:10:21.572 警告 [main] org.apache.catalina.startup.ClassLoaderFactory.validateFile Problem with directory [C:\Users\touchmii\IdeaProjects\tomcat8\catalina-home\lib], exists: [false], isDirectory: [false], canRead: [false]
17-Sep-2020 11:10:21.576 警告 [main] org.apache.catalina.startup.ClassLoaderFactory.validateFile Problem with directory [C:\Users\touchmii\IdeaProjects\tomcat8\catalina-home\lib], exists: [false], isDirectory: [false], canRead: [false]
17-Sep-2020 11:10:21.576 警告 [main] org.apache.catalina.startup.ClassLoaderFactory.validateFile Problem with directory [C:\Users\touchmii\IdeaProjects\tomcat8\catalina-home\lib], exists: [false], isDirectory: [false], canRead: [false]
17-Sep-2020 11:10:21.576 警告 [main] org.apache.catalina.startup.ClassLoaderFactory.validateFile Problem with directory [C:\Users\touchmii\IdeaProjects\tomcat8\catalina-home\lib], exists: [false], isDirectory: [false], canRead: [false]
17-Sep-2020 11:10:21.596 严重 [main] org.apache.catalina.startup.Catalina.initDirs Cannot find specified temporary folder at catalina-home/temp
17-Sep-2020 11:10:21.947 信息 [main] org.apache.catalina.startup.VersionLoggerListener.log Server version:        Apache Tomcat/@VERSION@
17-Sep-2020 11:10:21.947 信息 [main] org.apache.catalina.startup.VersionLoggerListener.log Server built:          @VERSION_BUILT@
17-Sep-2020 11:10:21.947 信息 [main] org.apache.catalina.startup.VersionLoggerListener.log Server number:         @VERSION_NUMBER@
17-Sep-2020 11:10:21.947 信息 [main] org.apache.catalina.startup.VersionLoggerListener.log OS Name:               Windows 10
17-Sep-2020 11:10:21.947 信息 [main] org.apache.catalina.startup.VersionLoggerListener.log OS Version:            10.0
17-Sep-2020 11:10:21.947 信息 [main] org.apache.catalina.startup.VersionLoggerListener.log Architecture:          amd64
17-Sep-2020 11:10:21.947 信息 [main] org.apache.catalina.startup.VersionLoggerListener.log Java Home:             C:\Users\touchmii\.jdks\adopt-openjdk-1.8.0_265\jre
17-Sep-2020 11:10:21.947 信息 [main] org.apache.catalina.startup.VersionLoggerListener.log JVM Version:           1.8.0_265-b01
17-Sep-2020 11:10:21.947 信息 [main] org.apache.catalina.startup.VersionLoggerListener.log JVM Vendor:            AdoptOpenJDK
17-Sep-2020 11:10:21.947 信息 [main] org.apache.catalina.startup.VersionLoggerListener.log CATALINA_BASE:         C:\Users\touchmii\IdeaProjects\tomcat8\catalina-home
17-Sep-2020 11:10:21.948 信息 [main] org.apache.catalina.startup.VersionLoggerListener.log CATALINA_HOME:         C:\Users\touchmii\IdeaProjects\tomcat8\catalina-home
17-Sep-2020 11:10:21.948 信息 [main] org.apache.catalina.startup.VersionLoggerListener.log Command line argument: -Dcatalina.home=catalina-home
17-Sep-2020 11:10:21.948 信息 [main] org.apache.catalina.startup.VersionLoggerListener.log Command line argument: -Dcatalina.base=catalina-home
17-Sep-2020 11:10:21.948 信息 [main] org.apache.catalina.startup.VersionLoggerListener.log Command line argument: -Djava.endorsed.dirs=catalina-home/endorsed
17-Sep-2020 11:10:21.948 信息 [main] org.apache.catalina.startup.VersionLoggerListener.log Command line argument: -Djava.io.tmpdir=catalina-home/temp
17-Sep-2020 11:10:21.948 信息 [main] org.apache.catalina.startup.VersionLoggerListener.log Command line argument: -Djava.util.logging.manager=org.apache.juli.ClassLoaderLogManager
17-Sep-2020 11:10:21.948 信息 [main] org.apache.catalina.startup.VersionLoggerListener.log Command line argument: -Djava.util.logging.config.file=catalina-home/conf/logging.properties
17-Sep-2020 11:10:21.948 信息 [main] org.apache.catalina.startup.VersionLoggerListener.log Command line argument: -javaagent:C:\Program Files\JetBrains\IntelliJ IDEA 2020.2.1\lib\idea_rt.jar=62881:C:\Program Files\JetBrains\IntelliJ IDEA 2020.2.1\bin
17-Sep-2020 11:10:21.948 信息 [main] org.apache.catalina.startup.VersionLoggerListener.log Command line argument: -Dfile.encoding=UTF-8
17-Sep-2020 11:10:21.948 信息 [main] org.apache.catalina.core.AprLifecycleListener.lifecycleEvent The APR based Apache Tomcat Native library which allows optimal performance in production environments was not found on the java.library.path: C:\Users\touchmii\.jdks\adopt-openjdk-1.8.0_265\bin;C:\Windows\Sun\Java\bin;C:\Windows\system32;C:\Windows;C:\Windows\system32;C:\Windows;C:\Windows\System32\Wbem;C:\Windows\System32\WindowsPowerShell\v1.0\;C:\Windows\System32\OpenSSH\;C:\Program Files (x86)\Intel\Intel(R) Management Engine Components\DAL;C:\Program Files\Intel\Intel(R) Management Engine Components\DAL;C:\Program Files (x86)\NVIDIA Corporation\PhysX\Common;C:\Program Files (x86)\Intel\Intel(R) Memory And Storage Tool\;C:\Program Files\Microsoft SQL Server\120\Tools\Binn\;C:\Program Files (x86)\Toshiba\Bluetooth Toshiba Stack\sys\;C:\Program Files (x86)\Toshiba\Bluetooth Toshiba Stack\sys\x64\;C:\ProgramData\chocolatey\bin;C:\Program Files\Git\cmd;C:\Users\touchmii\AppData\Local\Microsoft\WindowsApps;;C:\Program Files\JetBrains\IntelliJ IDEA 2020.2.1\bin;;C:\Program Files\JetBrains\CLion 2020.2.1\bin;;C:\Program Files\CMake\bin;C:\Program Files\Inkscape\bin;.
17-Sep-2020 11:10:22.030 信息 [main] org.apache.coyote.AbstractProtocol.init Initializing ProtocolHandler ["http-nio-8090"]
17-Sep-2020 11:10:22.687 信息 [main] org.apache.tomcat.util.net.NioSelectorPool.getSharedSelector Using a shared selector for servlet write/read
17-Sep-2020 11:10:22.690 信息 [main] org.apache.coyote.AbstractProtocol.init Initializing ProtocolHandler ["ajp-nio-8009"]
17-Sep-2020 11:10:22.692 信息 [main] org.apache.tomcat.util.net.NioSelectorPool.getSharedSelector Using a shared selector for servlet write/read
17-Sep-2020 11:10:22.693 信息 [main] org.apache.catalina.startup.Catalina.load Initialization processed in 1097 ms
17-Sep-2020 11:10:22.717 信息 [main] org.apache.catalina.core.StandardService.startInternal Starting service Catalina
17-Sep-2020 11:10:22.717 信息 [main] org.apache.catalina.core.StandardEngine.startInternal Starting Servlet Engine: Apache Tomcat/@VERSION@
17-Sep-2020 11:10:22.728 信息 [localhost-startStop-1] org.apache.catalina.startup.HostConfig.deployDirectory Deploying web application directory C:\Users\touchmii\IdeaProjects\tomcat8\catalina-home\webapps\docs
17-Sep-2020 11:10:23.068 信息 [localhost-startStop-1] org.apache.catalina.startup.HostConfig.deployDirectory Deployment of web application directory C:\Users\touchmii\IdeaProjects\tomcat8\catalina-home\webapps\docs has finished in 340 ms
17-Sep-2020 11:10:23.068 信息 [localhost-startStop-1] org.apache.catalina.startup.HostConfig.deployDirectory Deploying web application directory C:\Users\touchmii\IdeaProjects\tomcat8\catalina-home\webapps\examples
17-Sep-2020 11:10:23.135 严重 [localhost-startStop-1] org.apache.catalina.core.StandardContext.startInternal One or more listeners failed to start. Full details will be found in the appropriate container log file
17-Sep-2020 11:10:23.135 严重 [localhost-startStop-1] org.apache.catalina.core.StandardContext.startInternal Context [/examples] startup failed due to previous errors
17-Sep-2020 11:10:23.141 信息 [localhost-startStop-1] org.apache.catalina.startup.HostConfig.deployDirectory Deployment of web application directory C:\Users\touchmii\IdeaProjects\tomcat8\catalina-home\webapps\examples has finished in 73 ms
17-Sep-2020 11:10:23.142 信息 [localhost-startStop-1] org.apache.catalina.startup.HostConfig.deployDirectory Deploying web application directory C:\Users\touchmii\IdeaProjects\tomcat8\catalina-home\webapps\host-manager
17-Sep-2020 11:10:23.192 信息 [localhost-startStop-1] org.apache.catalina.startup.HostConfig.deployDirectory Deployment of web application directory C:\Users\touchmii\IdeaProjects\tomcat8\catalina-home\webapps\host-manager has finished in 50 ms
17-Sep-2020 11:10:23.192 信息 [localhost-startStop-1] org.apache.catalina.startup.HostConfig.deployDirectory Deploying web application directory C:\Users\touchmii\IdeaProjects\tomcat8\catalina-home\webapps\manager
17-Sep-2020 11:10:23.233 信息 [localhost-startStop-1] org.apache.catalina.startup.HostConfig.deployDirectory Deployment of web application directory C:\Users\touchmii\IdeaProjects\tomcat8\catalina-home\webapps\manager has finished in 41 ms
17-Sep-2020 11:10:23.233 信息 [localhost-startStop-1] org.apache.catalina.startup.HostConfig.deployDirectory Deploying web application directory C:\Users\touchmii\IdeaProjects\tomcat8\catalina-home\webapps\ROOT
17-Sep-2020 11:10:23.280 信息 [localhost-startStop-1] org.apache.catalina.startup.HostConfig.deployDirectory Deployment of web application directory C:\Users\touchmii\IdeaProjects\tomcat8\catalina-home\webapps\ROOT has finished in 47 ms
17-Sep-2020 11:10:23.282 信息 [main] org.apache.coyote.AbstractProtocol.start Starting ProtocolHandler ["http-nio-8090"]
17-Sep-2020 11:10:23.292 信息 [main] org.apache.coyote.AbstractProtocol.start Starting ProtocolHandler ["ajp-nio-8009"]
17-Sep-2020 11:10:23.294 信息 [main] org.apache.catalina.startup.Catalina.start Server startup in 600 ms
17-Sep-2020 11:15:47.388 警告 [main] org.apache.catalina.startup.ClassLoaderFactory.validateFile Problem with directory [C:\Users\touchmii\IdeaProjects\tomcat8\catalina-home\lib], exists: [false], isDirectory: [false], canRead: [false]
17-Sep-2020 11:15:47.394 警告 [main] org.apache.catalina.startup.ClassLoaderFactory.validateFile Problem with directory [C:\Users\touchmii\IdeaProjects\tomcat8\catalina-home\lib], exists: [false], isDirectory: [false], canRead: [false]
17-Sep-2020 11:15:47.394 警告 [main] org.apache.catalina.startup.ClassLoaderFactory.validateFile Problem with directory [C:\Users\touchmii\IdeaProjects\tomcat8\catalina-home\lib], exists: [false], isDirectory: [false], canRead: [false]
17-Sep-2020 11:15:47.394 警告 [main] org.apache.catalina.startup.ClassLoaderFactory.validateFile Problem with directory [C:\Users\touchmii\IdeaProjects\tomcat8\catalina-home\lib], exists: [false], isDirectory: [false], canRead: [false]
17-Sep-2020 11:15:47.411 严重 [main] org.apache.catalina.startup.Catalina.initDirs Cannot find specified temporary folder at catalina-home/temp
17-Sep-2020 11:15:47.693 信息 [main] org.apache.catalina.startup.VersionLoggerListener.log Server version:        Apache Tomcat/@VERSION@
17-Sep-2020 11:15:47.694 信息 [main] org.apache.catalina.startup.VersionLoggerListener.log Server built:          @VERSION_BUILT@
17-Sep-2020 11:15:47.694 信息 [main] org.apache.catalina.startup.VersionLoggerListener.log Server number:         @VERSION_NUMBER@
17-Sep-2020 11:15:47.694 信息 [main] org.apache.catalina.startup.VersionLoggerListener.log OS Name:               Windows 10
17-Sep-2020 11:15:47.694 信息 [main] org.apache.catalina.startup.VersionLoggerListener.log OS Version:            10.0
17-Sep-2020 11:15:47.694 信息 [main] org.apache.catalina.startup.VersionLoggerListener.log Architecture:          amd64
17-Sep-2020 11:15:47.694 信息 [main] org.apache.catalina.startup.VersionLoggerListener.log Java Home:             C:\Users\touchmii\.jdks\adopt-openjdk-1.8.0_265\jre
17-Sep-2020 11:15:47.694 信息 [main] org.apache.catalina.startup.VersionLoggerListener.log JVM Version:           1.8.0_265-b01
17-Sep-2020 11:15:47.695 信息 [main] org.apache.catalina.startup.VersionLoggerListener.log JVM Vendor:            AdoptOpenJDK
17-Sep-2020 11:15:47.695 信息 [main] org.apache.catalina.startup.VersionLoggerListener.log CATALINA_BASE:         C:\Users\touchmii\IdeaProjects\tomcat8\catalina-home
17-Sep-2020 11:15:47.695 信息 [main] org.apache.catalina.startup.VersionLoggerListener.log CATALINA_HOME:         C:\Users\touchmii\IdeaProjects\tomcat8\catalina-home
17-Sep-2020 11:15:47.695 信息 [main] org.apache.catalina.startup.VersionLoggerListener.log Command line argument: -Dcatalina.home=catalina-home
17-Sep-2020 11:15:47.695 信息 [main] org.apache.catalina.startup.VersionLoggerListener.log Command line argument: -Dcatalina.base=catalina-home
17-Sep-2020 11:15:47.695 信息 [main] org.apache.catalina.startup.VersionLoggerListener.log Command line argument: -Djava.endorsed.dirs=catalina-home/endorsed
17-Sep-2020 11:15:47.695 信息 [main] org.apache.catalina.startup.VersionLoggerListener.log Command line argument: -Djava.io.tmpdir=catalina-home/temp
17-Sep-2020 11:15:47.695 信息 [main] org.apache.catalina.startup.VersionLoggerListener.log Command line argument: -Djava.util.logging.manager=org.apache.juli.ClassLoaderLogManager
17-Sep-2020 11:15:47.696 信息 [main] org.apache.catalina.startup.VersionLoggerListener.log Command line argument: -Djava.util.logging.config.file=catalina-home/conf/logging.properties
17-Sep-2020 11:15:47.696 信息 [main] org.apache.catalina.startup.VersionLoggerListener.log Command line argument: -javaagent:C:\Program Files\JetBrains\IntelliJ IDEA 2020.2.1\lib\idea_rt.jar=63643:C:\Program Files\JetBrains\IntelliJ IDEA 2020.2.1\bin
17-Sep-2020 11:15:47.696 信息 [main] org.apache.catalina.startup.VersionLoggerListener.log Command line argument: -Dfile.encoding=UTF-8
17-Sep-2020 11:15:47.696 信息 [main] org.apache.catalina.core.AprLifecycleListener.lifecycleEvent The APR based Apache Tomcat Native library which allows optimal performance in production environments was not found on the java.library.path: C:\Users\touchmii\.jdks\adopt-openjdk-1.8.0_265\bin;C:\Windows\Sun\Java\bin;C:\Windows\system32;C:\Windows;C:\Windows\system32;C:\Windows;C:\Windows\System32\Wbem;C:\Windows\System32\WindowsPowerShell\v1.0\;C:\Windows\System32\OpenSSH\;C:\Program Files (x86)\Intel\Intel(R) Management Engine Components\DAL;C:\Program Files\Intel\Intel(R) Management Engine Components\DAL;C:\Program Files (x86)\NVIDIA Corporation\PhysX\Common;C:\Program Files (x86)\Intel\Intel(R) Memory And Storage Tool\;C:\Program Files\Microsoft SQL Server\120\Tools\Binn\;C:\Program Files (x86)\Toshiba\Bluetooth Toshiba Stack\sys\;C:\Program Files (x86)\Toshiba\Bluetooth Toshiba Stack\sys\x64\;C:\ProgramData\chocolatey\bin;C:\Program Files\Git\cmd;C:\Users\touchmii\AppData\Local\Microsoft\WindowsApps;;C:\Program Files\JetBrains\IntelliJ IDEA 2020.2.1\bin;;C:\Program Files\JetBrains\CLion 2020.2.1\bin;;C:\Program Files\CMake\bin;C:\Program Files\Inkscape\bin;.
17-Sep-2020 11:15:47.755 信息 [main] org.apache.coyote.AbstractProtocol.init Initializing ProtocolHandler ["http-nio-8090"]
17-Sep-2020 11:15:48.158 信息 [main] org.apache.tomcat.util.net.NioSelectorPool.getSharedSelector Using a shared selector for servlet write/read
17-Sep-2020 11:15:48.160 信息 [main] org.apache.coyote.AbstractProtocol.init Initializing ProtocolHandler ["ajp-nio-8009"]
17-Sep-2020 11:15:48.162 信息 [main] org.apache.tomcat.util.net.NioSelectorPool.getSharedSelector Using a shared selector for servlet write/read
17-Sep-2020 11:15:48.162 信息 [main] org.apache.catalina.startup.Catalina.load Initialization processed in 751 ms
17-Sep-2020 11:15:48.183 信息 [main] org.apache.catalina.core.StandardService.startInternal Starting service Catalina
17-Sep-2020 11:15:48.184 信息 [main] org.apache.catalina.core.StandardEngine.startInternal Starting Servlet Engine: Apache Tomcat/@VERSION@
17-Sep-2020 11:15:48.191 信息 [localhost-startStop-1] org.apache.catalina.startup.HostConfig.deployDirectory Deploying web application directory C:\Users\touchmii\IdeaProjects\tomcat8\catalina-home\webapps\docs
17-Sep-2020 11:15:48.542 信息 [localhost-startStop-1] org.apache.jasper.servlet.TldScanner.scanJars At least one JAR was scanned for TLDs yet contained no TLDs. Enable debug logging for this logger for a complete list of JARs that were scanned but no TLDs were found in them. Skipping unneeded JARs during scanning can improve startup time and JSP compilation time.
17-Sep-2020 11:15:48.568 信息 [localhost-startStop-1] org.apache.catalina.startup.HostConfig.deployDirectory Deployment of web application directory C:\Users\touchmii\IdeaProjects\tomcat8\catalina-home\webapps\docs has finished in 377 ms
17-Sep-2020 11:15:48.568 信息 [localhost-startStop-1] org.apache.catalina.startup.HostConfig.deployDirectory Deploying web application directory C:\Users\touchmii\IdeaProjects\tomcat8\catalina-home\webapps\examples
17-Sep-2020 11:15:48.705 信息 [localhost-startStop-1] org.apache.jasper.servlet.TldScanner.scanJars At least one JAR was scanned for TLDs yet contained no TLDs. Enable debug logging for this logger for a complete list of JARs that were scanned but no TLDs were found in them. Skipping unneeded JARs during scanning can improve startup time and JSP compilation time.
17-Sep-2020 11:15:48.720 严重 [localhost-startStop-1] org.apache.catalina.core.StandardContext.startInternal One or more listeners failed to start. Full details will be found in the appropriate container log file
17-Sep-2020 11:15:48.720 严重 [localhost-startStop-1] org.apache.catalina.core.StandardContext.startInternal Context [/examples] startup failed due to previous errors
17-Sep-2020 11:15:48.726 信息 [localhost-startStop-1] org.apache.catalina.startup.HostConfig.deployDirectory Deployment of web application directory C:\Users\touchmii\IdeaProjects\tomcat8\catalina-home\webapps\examples has finished in 158 ms
17-Sep-2020 11:15:48.727 信息 [localhost-startStop-1] org.apache.catalina.startup.HostConfig.deployDirectory Deploying web application directory C:\Users\touchmii\IdeaProjects\tomcat8\catalina-home\webapps\host-manager
17-Sep-2020 11:15:48.781 信息 [localhost-startStop-1] org.apache.jasper.servlet.TldScanner.scanJars At least one JAR was scanned for TLDs yet contained no TLDs. Enable debug logging for this logger for a complete list of JARs that were scanned but no TLDs were found in them. Skipping unneeded JARs during scanning can improve startup time and JSP compilation time.
17-Sep-2020 11:15:48.787 信息 [localhost-startStop-1] org.apache.catalina.startup.HostConfig.deployDirectory Deployment of web application directory C:\Users\touchmii\IdeaProjects\tomcat8\catalina-home\webapps\host-manager has finished in 60 ms
17-Sep-2020 11:15:48.787 信息 [localhost-startStop-1] org.apache.catalina.startup.HostConfig.deployDirectory Deploying web application directory C:\Users\touchmii\IdeaProjects\tomcat8\catalina-home\webapps\manager
17-Sep-2020 11:15:48.876 信息 [localhost-startStop-1] org.apache.jasper.servlet.TldScanner.scanJars At least one JAR was scanned for TLDs yet contained no TLDs. Enable debug logging for this logger for a complete list of JARs that were scanned but no TLDs were found in them. Skipping unneeded JARs during scanning can improve startup time and JSP compilation time.
17-Sep-2020 11:15:48.878 信息 [localhost-startStop-1] org.apache.catalina.startup.HostConfig.deployDirectory Deployment of web application directory C:\Users\touchmii\IdeaProjects\tomcat8\catalina-home\webapps\manager has finished in 91 ms
17-Sep-2020 11:15:48.878 信息 [localhost-startStop-1] org.apache.catalina.startup.HostConfig.deployDirectory Deploying web application directory C:\Users\touchmii\IdeaProjects\tomcat8\catalina-home\webapps\ROOT
17-Sep-2020 11:15:48.932 信息 [localhost-startStop-1] org.apache.jasper.servlet.TldScanner.scanJars At least one JAR was scanned for TLDs yet contained no TLDs. Enable debug logging for this logger for a complete list of JARs that were scanned but no TLDs were found in them. Skipping unneeded JARs during scanning can improve startup time and JSP compilation time.
17-Sep-2020 11:15:48.933 信息 [localhost-startStop-1] org.apache.catalina.startup.HostConfig.deployDirectory Deployment of web application directory C:\Users\touchmii\IdeaProjects\tomcat8\catalina-home\webapps\ROOT has finished in 55 ms
17-Sep-2020 11:15:48.936 信息 [main] org.apache.coyote.AbstractProtocol.start Starting ProtocolHandler ["http-nio-8090"]
17-Sep-2020 11:15:48.945 信息 [main] org.apache.coyote.AbstractProtocol.start Starting ProtocolHandler ["ajp-nio-8009"]
17-Sep-2020 11:15:48.947 信息 [main] org.apache.catalina.startup.Catalina.start Server startup in 784 ms
17-Sep-2020 11:20:36.733 警告 [main] org.apache.catalina.startup.ClassLoaderFactory.validateFile Problem with directory [C:\Users\touchmii\IdeaProjects\tomcat8\catalina-home\lib], exists: [false], isDirectory: [false], canRead: [false]
17-Sep-2020 11:20:36.736 警告 [main] org.apache.catalina.startup.ClassLoaderFactory.validateFile Problem with directory [C:\Users\touchmii\IdeaProjects\tomcat8\catalina-home\lib], exists: [false], isDirectory: [false], canRead: [false]
17-Sep-2020 11:20:36.736 警告 [main] org.apache.catalina.startup.ClassLoaderFactory.validateFile Problem with directory [C:\Users\touchmii\IdeaProjects\tomcat8\catalina-home\lib], exists: [false], isDirectory: [false], canRead: [false]
17-Sep-2020 11:20:36.737 警告 [main] org.apache.catalina.startup.ClassLoaderFactory.validateFile Problem with directory [C:\Users\touchmii\IdeaProjects\tomcat8\catalina-home\lib], exists: [false], isDirectory: [false], canRead: [false]
17-Sep-2020 11:20:36.751 严重 [main] org.apache.catalina.startup.Catalina.initDirs Cannot find specified temporary folder at catalina-home/temp
17-Sep-2020 11:20:36.994 信息 [main] org.apache.catalina.startup.VersionLoggerListener.log Server version:        Apache Tomcat/@VERSION@
17-Sep-2020 11:20:36.994 信息 [main] org.apache.catalina.startup.VersionLoggerListener.log Server built:          @VERSION_BUILT@
17-Sep-2020 11:20:36.994 信息 [main] org.apache.catalina.startup.VersionLoggerListener.log Server number:         @VERSION_NUMBER@
17-Sep-2020 11:20:36.994 信息 [main] org.apache.catalina.startup.VersionLoggerListener.log OS Name:               Windows 10
17-Sep-2020 11:20:36.994 信息 [main] org.apache.catalina.startup.VersionLoggerListener.log OS Version:            10.0
17-Sep-2020 11:20:36.994 信息 [main] org.apache.catalina.startup.VersionLoggerListener.log Architecture:          amd64
17-Sep-2020 11:20:36.995 信息 [main] org.apache.catalina.startup.VersionLoggerListener.log Java Home:             C:\Users\touchmii\.jdks\adopt-openjdk-1.8.0_265\jre
17-Sep-2020 11:20:36.995 信息 [main] org.apache.catalina.startup.VersionLoggerListener.log JVM Version:           1.8.0_265-b01
17-Sep-2020 11:20:36.995 信息 [main] org.apache.catalina.startup.VersionLoggerListener.log JVM Vendor:            AdoptOpenJDK
17-Sep-2020 11:20:36.995 信息 [main] org.apache.catalina.startup.VersionLoggerListener.log CATALINA_BASE:         C:\Users\touchmii\IdeaProjects\tomcat8\catalina-home
17-Sep-2020 11:20:36.995 信息 [main] org.apache.catalina.startup.VersionLoggerListener.log CATALINA_HOME:         C:\Users\touchmii\IdeaProjects\tomcat8\catalina-home
17-Sep-2020 11:20:36.995 信息 [main] org.apache.catalina.startup.VersionLoggerListener.log Command line argument: -Dcatalina.home=catalina-home
17-Sep-2020 11:20:36.995 信息 [main] org.apache.catalina.startup.VersionLoggerListener.log Command line argument: -Dcatalina.base=catalina-home
17-Sep-2020 11:20:36.995 信息 [main] org.apache.catalina.startup.VersionLoggerListener.log Command line argument: -Djava.endorsed.dirs=catalina-home/endorsed
17-Sep-2020 11:20:36.995 信息 [main] org.apache.catalina.startup.VersionLoggerListener.log Command line argument: -Djava.io.tmpdir=catalina-home/temp
17-Sep-2020 11:20:36.995 信息 [main] org.apache.catalina.startup.VersionLoggerListener.log Command line argument: -Djava.util.logging.manager=org.apache.juli.ClassLoaderLogManager
17-Sep-2020 11:20:36.995 信息 [main] org.apache.catalina.startup.VersionLoggerListener.log Command line argument: -Djava.util.logging.config.file=catalina-home/conf/logging.properties
17-Sep-2020 11:20:36.995 信息 [main] org.apache.catalina.startup.VersionLoggerListener.log Command line argument: -javaagent:C:\Program Files\JetBrains\IntelliJ IDEA 2020.2.1\lib\idea_rt.jar=64284:C:\Program Files\JetBrains\IntelliJ IDEA 2020.2.1\bin
17-Sep-2020 11:20:36.995 信息 [main] org.apache.catalina.startup.VersionLoggerListener.log Command line argument: -Dfile.encoding=UTF-8
17-Sep-2020 11:20:36.995 信息 [main] org.apache.catalina.core.AprLifecycleListener.lifecycleEvent The APR based Apache Tomcat Native library which allows optimal performance in production environments was not found on the java.library.path: C:\Users\touchmii\.jdks\adopt-openjdk-1.8.0_265\bin;C:\Windows\Sun\Java\bin;C:\Windows\system32;C:\Windows;C:\Windows\system32;C:\Windows;C:\Windows\System32\Wbem;C:\Windows\System32\WindowsPowerShell\v1.0\;C:\Windows\System32\OpenSSH\;C:\Program Files (x86)\Intel\Intel(R) Management Engine Components\DAL;C:\Program Files\Intel\Intel(R) Management Engine Components\DAL;C:\Program Files (x86)\NVIDIA Corporation\PhysX\Common;C:\Program Files (x86)\Intel\Intel(R) Memory And Storage Tool\;C:\Program Files\Microsoft SQL Server\120\Tools\Binn\;C:\Program Files (x86)\Toshiba\Bluetooth Toshiba Stack\sys\;C:\Program Files (x86)\Toshiba\Bluetooth Toshiba Stack\sys\x64\;C:\ProgramData\chocolatey\bin;C:\Program Files\Git\cmd;C:\Users\touchmii\AppData\Local\Microsoft\WindowsApps;;C:\Program Files\JetBrains\IntelliJ IDEA 2020.2.1\bin;;C:\Program Files\JetBrains\CLion 2020.2.1\bin;;C:\Program Files\CMake\bin;C:\Program Files\Inkscape\bin;.
17-Sep-2020 11:20:37.049 信息 [main] org.apache.coyote.AbstractProtocol.init Initializing ProtocolHandler ["http-nio-8090"]
17-Sep-2020 11:20:37.394 信息 [main] org.apache.tomcat.util.net.NioSelectorPool.getSharedSelector Using a shared selector for servlet write/read
17-Sep-2020 11:20:37.395 信息 [main] org.apache.coyote.AbstractProtocol.init Initializing ProtocolHandler ["ajp-nio-8009"]
17-Sep-2020 11:20:37.397 信息 [main] org.apache.tomcat.util.net.NioSelectorPool.getSharedSelector Using a shared selector for servlet write/read
17-Sep-2020 11:20:37.397 信息 [main] org.apache.catalina.startup.Catalina.load Initialization processed in 646 ms
17-Sep-2020 11:20:37.415 信息 [main] org.apache.catalina.core.StandardService.startInternal Starting service Catalina
17-Sep-2020 11:20:37.415 信息 [main] org.apache.catalina.core.StandardEngine.startInternal Starting Servlet Engine: Apache Tomcat/@VERSION@
17-Sep-2020 11:20:37.421 信息 [localhost-startStop-1] org.apache.catalina.startup.HostConfig.deployDirectory Deploying web application directory C:\Users\touchmii\IdeaProjects\tomcat8\catalina-home\webapps\docs
17-Sep-2020 11:20:37.707 信息 [localhost-startStop-1] org.apache.jasper.servlet.TldScanner.scanJars At least one JAR was scanned for TLDs yet contained no TLDs. Enable debug logging for this logger for a complete list of JARs that were scanned but no TLDs were found in them. Skipping unneeded JARs during scanning can improve startup time and JSP compilation time.
17-Sep-2020 11:20:37.722 信息 [localhost-startStop-1] org.apache.catalina.startup.HostConfig.deployDirectory Deployment of web application directory C:\Users\touchmii\IdeaProjects\tomcat8\catalina-home\webapps\docs has finished in 301 ms
17-Sep-2020 11:20:37.722 信息 [localhost-startStop-1] org.apache.catalina.startup.HostConfig.deployDirectory Deploying web application directory C:\Users\touchmii\IdeaProjects\tomcat8\catalina-home\webapps\examples
17-Sep-2020 11:20:37.839 信息 [localhost-startStop-1] org.apache.jasper.servlet.TldScanner.scanJars At least one JAR was scanned for TLDs yet contained no TLDs. Enable debug logging for this logger for a complete list of JARs that were scanned but no TLDs were found in them. Skipping unneeded JARs during scanning can improve startup time and JSP compilation time.
17-Sep-2020 11:20:37.848 严重 [localhost-startStop-1] org.apache.catalina.core.StandardContext.startInternal One or more listeners failed to start. Full details will be found in the appropriate container log file
17-Sep-2020 11:20:37.849 严重 [localhost-startStop-1] org.apache.catalina.core.StandardContext.startInternal Context [/examples] startup failed due to previous errors
17-Sep-2020 11:20:37.854 信息 [localhost-startStop-1] org.apache.catalina.startup.HostConfig.deployDirectory Deployment of web application directory C:\Users\touchmii\IdeaProjects\tomcat8\catalina-home\webapps\examples has finished in 132 ms
17-Sep-2020 11:20:37.854 信息 [localhost-startStop-1] org.apache.catalina.startup.HostConfig.deployDirectory Deploying web application directory C:\Users\touchmii\IdeaProjects\tomcat8\catalina-home\webapps\host-manager
17-Sep-2020 11:20:37.909 信息 [localhost-startStop-1] org.apache.jasper.servlet.TldScanner.scanJars At least one JAR was scanned for TLDs yet contained no TLDs. Enable debug logging for this logger for a complete list of JARs that were scanned but no TLDs were found in them. Skipping unneeded JARs during scanning can improve startup time and JSP compilation time.
17-Sep-2020 11:20:37.914 信息 [localhost-startStop-1] org.apache.catalina.startup.HostConfig.deployDirectory Deployment of web application directory C:\Users\touchmii\IdeaProjects\tomcat8\catalina-home\webapps\host-manager has finished in 60 ms
17-Sep-2020 11:20:37.914 信息 [localhost-startStop-1] org.apache.catalina.startup.HostConfig.deployDirectory Deploying web application directory C:\Users\touchmii\IdeaProjects\tomcat8\catalina-home\webapps\manager
17-Sep-2020 11:20:37.969 信息 [localhost-startStop-1] org.apache.jasper.servlet.TldScanner.scanJars At least one JAR was scanned for TLDs yet contained no TLDs. Enable debug logging for this logger for a complete list of JARs that were scanned but no TLDs were found in them. Skipping unneeded JARs during scanning can improve startup time and JSP compilation time.
17-Sep-2020 11:20:37.970 信息 [localhost-startStop-1] org.apache.catalina.startup.HostConfig.deployDirectory Deployment of web application directory C:\Users\touchmii\IdeaProjects\tomcat8\catalina-home\webapps\manager has finished in 56 ms
17-Sep-2020 11:20:37.970 信息 [localhost-startStop-1] org.apache.catalina.startup.HostConfig.deployDirectory Deploying web application directory C:\Users\touchmii\IdeaProjects\tomcat8\catalina-home\webapps\ROOT
17-Sep-2020 11:20:38.026 信息 [localhost-startStop-1] org.apache.jasper.servlet.TldScanner.scanJars At least one JAR was scanned for TLDs yet contained no TLDs. Enable debug logging for this logger for a complete list of JARs that were scanned but no TLDs were found in them. Skipping unneeded JARs during scanning can improve startup time and JSP compilation time.
17-Sep-2020 11:20:38.027 信息 [localhost-startStop-1] org.apache.catalina.startup.HostConfig.deployDirectory Deployment of web application directory C:\Users\touchmii\IdeaProjects\tomcat8\catalina-home\webapps\ROOT has finished in 57 ms
17-Sep-2020 11:20:38.029 信息 [main] org.apache.coyote.AbstractProtocol.start Starting ProtocolHandler ["http-nio-8090"]
17-Sep-2020 11:20:38.035 信息 [main] org.apache.coyote.AbstractProtocol.start Starting ProtocolHandler ["ajp-nio-8009"]
17-Sep-2020 11:20:38.037 信息 [main] org.apache.catalina.startup.Catalina.start Server startup in 638 ms
17-Sep-2020 14:24:05.399 警告 [main] org.apache.catalina.startup.ClassLoaderFactory.validateFile Problem with directory [C:\Users\touchmii\IdeaProjects\tomcat8\catalina-home\lib], exists: [false], isDirectory: [false], canRead: [false]
17-Sep-2020 14:24:05.404 警告 [main] org.apache.catalina.startup.ClassLoaderFactory.validateFile Problem with directory [C:\Users\touchmii\IdeaProjects\tomcat8\catalina-home\lib], exists: [false], isDirectory: [false], canRead: [false]
17-Sep-2020 14:24:05.404 警告 [main] org.apache.catalina.startup.ClassLoaderFactory.validateFile Problem with directory [C:\Users\touchmii\IdeaProjects\tomcat8\catalina-home\lib], exists: [false], isDirectory: [false], canRead: [false]
17-Sep-2020 14:24:05.404 警告 [main] org.apache.catalina.startup.ClassLoaderFactory.validateFile Problem with directory [C:\Users\touchmii\IdeaProjects\tomcat8\catalina-home\lib], exists: [false], isDirectory: [false], canRead: [false]
17-Sep-2020 14:25:16.762 严重 [main] org.apache.catalina.startup.Catalina.initDirs Cannot find specified temporary folder at catalina-home/temp
17-Sep-2020 14:25:17.824 信息 [main] org.apache.catalina.startup.VersionLoggerListener.log Server version:        Apache Tomcat/@VERSION@
17-Sep-2020 14:25:17.824 信息 [main] org.apache.catalina.startup.VersionLoggerListener.log Server built:          @VERSION_BUILT@
17-Sep-2020 14:25:17.825 信息 [main] org.apache.catalina.startup.VersionLoggerListener.log Server number:         @VERSION_NUMBER@
17-Sep-2020 14:25:17.825 信息 [main] org.apache.catalina.startup.VersionLoggerListener.log OS Name:               Windows 10
17-Sep-2020 14:25:17.825 信息 [main] org.apache.catalina.startup.VersionLoggerListener.log OS Version:            10.0
17-Sep-2020 14:25:17.825 信息 [main] org.apache.catalina.startup.VersionLoggerListener.log Architecture:          amd64
17-Sep-2020 14:25:17.825 信息 [main] org.apache.catalina.startup.VersionLoggerListener.log Java Home:             C:\Users\touchmii\.jdks\adopt-openjdk-1.8.0_265\jre
17-Sep-2020 14:25:17.826 信息 [main] org.apache.catalina.startup.VersionLoggerListener.log JVM Version:           1.8.0_265-b01
17-Sep-2020 14:25:17.826 信息 [main] org.apache.catalina.startup.VersionLoggerListener.log JVM Vendor:            AdoptOpenJDK
17-Sep-2020 14:25:17.826 信息 [main] org.apache.catalina.startup.VersionLoggerListener.log CATALINA_BASE:         C:\Users\touchmii\IdeaProjects\tomcat8\catalina-home
17-Sep-2020 14:25:17.826 信息 [main] org.apache.catalina.startup.VersionLoggerListener.log CATALINA_HOME:         C:\Users\touchmii\IdeaProjects\tomcat8\catalina-home
17-Sep-2020 14:25:17.827 信息 [main] org.apache.catalina.startup.VersionLoggerListener.log Command line argument: -agentlib:jdwp=transport=dt_socket,address=127.0.0.1:56100,suspend=y,server=n
17-Sep-2020 14:25:17.827 信息 [main] org.apache.catalina.startup.VersionLoggerListener.log Command line argument: -Dcatalina.home=catalina-home
17-Sep-2020 14:25:17.827 信息 [main] org.apache.catalina.startup.VersionLoggerListener.log Command line argument: -Dcatalina.base=catalina-home
17-Sep-2020 14:25:17.827 信息 [main] org.apache.catalina.startup.VersionLoggerListener.log Command line argument: -Djava.endorsed.dirs=catalina-home/endorsed
17-Sep-2020 14:25:17.828 信息 [main] org.apache.catalina.startup.VersionLoggerListener.log Command line argument: -Djava.io.tmpdir=catalina-home/temp
17-Sep-2020 14:25:17.828 信息 [main] org.apache.catalina.startup.VersionLoggerListener.log Command line argument: -Djava.util.logging.manager=org.apache.juli.ClassLoaderLogManager
17-Sep-2020 14:25:17.828 信息 [main] org.apache.catalina.startup.VersionLoggerListener.log Command line argument: -Djava.util.logging.config.file=catalina-home/conf/logging.properties
17-Sep-2020 14:25:17.828 信息 [main] org.apache.catalina.startup.VersionLoggerListener.log Command line argument: -javaagent:C:\Users\touchmii\AppData\Local\JetBrains\IntelliJIdea2020.2\captureAgent\debugger-agent.jar
17-Sep-2020 14:25:17.828 信息 [main] org.apache.catalina.startup.VersionLoggerListener.log Command line argument: -Dfile.encoding=UTF-8
17-Sep-2020 14:25:17.829 信息 [main] org.apache.catalina.core.AprLifecycleListener.lifecycleEvent The APR based Apache Tomcat Native library which allows optimal performance in production environments was not found on the java.library.path: C:\Users\touchmii\.jdks\adopt-openjdk-1.8.0_265\bin;C:\Windows\Sun\Java\bin;C:\Windows\system32;C:\Windows;C:\Windows\system32;C:\Windows;C:\Windows\System32\Wbem;C:\Windows\System32\WindowsPowerShell\v1.0\;C:\Windows\System32\OpenSSH\;C:\Program Files (x86)\Intel\Intel(R) Management Engine Components\DAL;C:\Program Files\Intel\Intel(R) Management Engine Components\DAL;C:\Program Files (x86)\NVIDIA Corporation\PhysX\Common;C:\Program Files (x86)\Intel\Intel(R) Memory And Storage Tool\;C:\Program Files\Microsoft SQL Server\120\Tools\Binn\;C:\Program Files (x86)\Toshiba\Bluetooth Toshiba Stack\sys\;C:\Program Files (x86)\Toshiba\Bluetooth Toshiba Stack\sys\x64\;C:\ProgramData\chocolatey\bin;C:\Program Files\Git\cmd;C:\Users\touchmii\AppData\Local\Microsoft\WindowsApps;;C:\Program Files\JetBrains\IntelliJ IDEA 2020.2.1\bin;;C:\Program Files\JetBrains\CLion 2020.2.1\bin;;C:\Program Files\CMake\bin;C:\Program Files\Inkscape\bin;.
17-Sep-2020 14:25:17.998 信息 [main] org.apache.coyote.AbstractProtocol.init Initializing ProtocolHandler ["http-nio-8090"]
17-Sep-2020 14:25:18.422 信息 [main] org.apache.tomcat.util.net.NioSelectorPool.getSharedSelector Using a shared selector for servlet write/read
17-Sep-2020 14:25:18.426 信息 [main] org.apache.coyote.AbstractProtocol.init Initializing ProtocolHandler ["ajp-nio-8009"]
17-Sep-2020 14:25:18.432 信息 [main] org.apache.tomcat.util.net.NioSelectorPool.getSharedSelector Using a shared selector for servlet write/read
17-Sep-2020 14:25:18.432 信息 [main] org.apache.catalina.startup.Catalina.load Initialization processed in 1671 ms
17-Sep-2020 14:25:25.371 信息 [main] org.apache.catalina.core.StandardService.startInternal Starting service Catalina
17-Sep-2020 14:25:25.372 信息 [main] org.apache.catalina.core.StandardEngine.startInternal Starting Servlet Engine: Apache Tomcat/@VERSION@
17-Sep-2020 14:25:25.413 信息 [localhost-startStop-1] org.apache.catalina.startup.HostConfig.deployDirectory Deploying web application directory C:\Users\touchmii\IdeaProjects\tomcat8\catalina-home\webapps\docs
17-Sep-2020 14:25:25.739 信息 [localhost-startStop-1] org.apache.jasper.servlet.TldScanner.scanJars At least one JAR was scanned for TLDs yet contained no TLDs. Enable debug logging for this logger for a complete list of JARs that were scanned but no TLDs were found in them. Skipping unneeded JARs during scanning can improve startup time and JSP compilation time.
17-Sep-2020 14:25:25.758 信息 [localhost-startStop-1] org.apache.catalina.startup.HostConfig.deployDirectory Deployment of web application directory C:\Users\touchmii\IdeaProjects\tomcat8\catalina-home\webapps\docs has finished in 344 ms
17-Sep-2020 14:25:25.758 信息 [localhost-startStop-1] org.apache.catalina.startup.HostConfig.deployDirectory Deploying web application directory C:\Users\touchmii\IdeaProjects\tomcat8\catalina-home\webapps\examples
17-Sep-2020 14:25:25.895 信息 [localhost-startStop-1] org.apache.jasper.servlet.TldScanner.scanJars At least one JAR was scanned for TLDs yet contained no TLDs. Enable debug logging for this logger for a complete list of JARs that were scanned but no TLDs were found in them. Skipping unneeded JARs during scanning can improve startup time and JSP compilation time.
17-Sep-2020 14:25:25.907 严重 [localhost-startStop-1] org.apache.catalina.core.StandardContext.startInternal One or more listeners failed to start. Full details will be found in the appropriate container log file
17-Sep-2020 14:25:25.907 严重 [localhost-startStop-1] org.apache.catalina.core.StandardContext.startInternal Context [/examples] startup failed due to previous errors
17-Sep-2020 14:25:25.914 信息 [localhost-startStop-1] org.apache.catalina.startup.HostConfig.deployDirectory Deployment of web application directory C:\Users\touchmii\IdeaProjects\tomcat8\catalina-home\webapps\examples has finished in 156 ms
17-Sep-2020 14:25:25.914 信息 [localhost-startStop-1] org.apache.catalina.startup.HostConfig.deployDirectory Deploying web application directory C:\Users\touchmii\IdeaProjects\tomcat8\catalina-home\webapps\host-manager
17-Sep-2020 14:25:25.970 信息 [localhost-startStop-1] org.apache.jasper.servlet.TldScanner.scanJars At least one JAR was scanned for TLDs yet contained no TLDs. Enable debug logging for this logger for a complete list of JARs that were scanned but no TLDs were found in them. Skipping unneeded JARs during scanning can improve startup time and JSP compilation time.
17-Sep-2020 14:25:25.975 信息 [localhost-startStop-1] org.apache.catalina.startup.HostConfig.deployDirectory Deployment of web application directory C:\Users\touchmii\IdeaProjects\tomcat8\catalina-home\webapps\host-manager has finished in 61 ms
17-Sep-2020 14:25:25.975 信息 [localhost-startStop-1] org.apache.catalina.startup.HostConfig.deployDirectory Deploying web application directory C:\Users\touchmii\IdeaProjects\tomcat8\catalina-home\webapps\manager
17-Sep-2020 14:25:26.035 信息 [localhost-startStop-1] org.apache.jasper.servlet.TldScanner.scanJars At least one JAR was scanned for TLDs yet contained no TLDs. Enable debug logging for this logger for a complete list of JARs that were scanned but no TLDs were found in them. Skipping unneeded JARs during scanning can improve startup time and JSP compilation time.
17-Sep-2020 14:25:26.037 信息 [localhost-startStop-1] org.apache.catalina.startup.HostConfig.deployDirectory Deployment of web application directory C:\Users\touchmii\IdeaProjects\tomcat8\catalina-home\webapps\manager has finished in 62 ms
17-Sep-2020 14:25:26.038 信息 [localhost-startStop-1] org.apache.catalina.startup.HostConfig.deployDirectory Deploying web application directory C:\Users\touchmii\IdeaProjects\tomcat8\catalina-home\webapps\ROOT
17-Sep-2020 14:25:26.087 信息 [localhost-startStop-1] org.apache.jasper.servlet.TldScanner.scanJars At least one JAR was scanned for TLDs yet contained no TLDs. Enable debug logging for this logger for a complete list of JARs that were scanned but no TLDs were found in them. Skipping unneeded JARs during scanning can improve startup time and JSP compilation time.
17-Sep-2020 14:25:26.089 信息 [localhost-startStop-1] org.apache.catalina.startup.HostConfig.deployDirectory Deployment of web application directory C:\Users\touchmii\IdeaProjects\tomcat8\catalina-home\webapps\ROOT has finished in 51 ms
17-Sep-2020 14:25:26.095 信息 [main] org.apache.coyote.AbstractProtocol.start Starting ProtocolHandler ["http-nio-8090"]
17-Sep-2020 14:25:26.112 信息 [main] org.apache.coyote.AbstractProtocol.start Starting ProtocolHandler ["ajp-nio-8009"]
17-Sep-2020 14:25:26.115 信息 [main] org.apache.catalina.startup.Catalina.start Server startup in 799 ms
17-Sep-2020 14:26:07.388 信息 [Thread-5] org.apache.coyote.AbstractProtocol.pause Pausing ProtocolHandler ["http-nio-8090"]
17-Sep-2020 14:26:07.442 信息 [Thread-5] org.apache.coyote.AbstractProtocol.pause Pausing ProtocolHandler ["ajp-nio-8009"]
17-Sep-2020 14:26:07.494 信息 [Thread-5] org.apache.catalina.core.StandardService.stopInternal Stopping service Catalina
17-Sep-2020 14:26:07.510 信息 [Thread-5] org.apache.coyote.AbstractProtocol.stop Stopping ProtocolHandler ["http-nio-8090"]
17-Sep-2020 14:26:07.512 信息 [Thread-5] org.apache.coyote.AbstractProtocol.stop Stopping ProtocolHandler ["ajp-nio-8009"]
17-Sep-2020 14:26:07.513 信息 [Thread-5] org.apache.coyote.AbstractProtocol.destroy Destroying ProtocolHandler ["http-nio-8090"]
17-Sep-2020 14:26:07.514 信息 [Thread-5] org.apache.coyote.AbstractProtocol.destroy Destroying ProtocolHandler ["ajp-nio-8009"]
17-Sep-2020 14:33:17.828 警告 [main] org.apache.catalina.startup.ClassLoaderFactory.validateFile Problem with directory [C:\Users\touchmii\IdeaProjects\tomcat8\catalina-home\lib], exists: [false], isDirectory: [false], canRead: [false]
17-Sep-2020 14:33:17.833 警告 [main] org.apache.catalina.startup.ClassLoaderFactory.validateFile Problem with directory [C:\Users\touchmii\IdeaProjects\tomcat8\catalina-home\lib], exists: [false], isDirectory: [false], canRead: [false]
17-Sep-2020 14:33:17.833 警告 [main] org.apache.catalina.startup.ClassLoaderFactory.validateFile Problem with directory [C:\Users\touchmii\IdeaProjects\tomcat8\catalina-home\lib], exists: [false], isDirectory: [false], canRead: [false]
17-Sep-2020 14:33:17.833 警告 [main] org.apache.catalina.startup.ClassLoaderFactory.validateFile Problem with directory [C:\Users\touchmii\IdeaProjects\tomcat8\catalina-home\lib], exists: [false], isDirectory: [false], canRead: [false]
17-Sep-2020 14:33:17.850 严重 [main] org.apache.catalina.startup.Catalina.initDirs Cannot find specified temporary folder at catalina-home/temp
17-Sep-2020 15:56:40.419 警告 [main] org.apache.catalina.startup.ClassLoaderFactory.validateFile Problem with directory [C:\Users\touchmii\IdeaProjects\tomcat8\catalina-home\lib], exists: [false], isDirectory: [false], canRead: [false]
17-Sep-2020 15:57:53.178 警告 [main] org.apache.catalina.startup.ClassLoaderFactory.validateFile Problem with directory [C:\Users\touchmii\IdeaProjects\tomcat8\catalina-home\lib], exists: [false], isDirectory: [false], canRead: [false]
17-Sep-2020 15:58:15.817 警告 [main] org.apache.catalina.startup.ClassLoaderFactory.validateFile Problem with directory [C:\Users\touchmii\IdeaProjects\tomcat8\catalina-home\lib], exists: [false], isDirectory: [false], canRead: [false]
17-Sep-2020 15:58:20.856 警告 [main] org.apache.catalina.startup.ClassLoaderFactory.validateFile Problem with directory [C:\Users\touchmii\IdeaProjects\tomcat8\catalina-home\lib], exists: [false], isDirectory: [false], canRead: [false]
